<!DOCTYPE html PUBLIC "-//W3C//DTD XHTML 1.1//EN" "http://www.w3.org/TR/xhtml11/DTD/xhtml11.dtd">
<html xmlns="http://www.w3.org/1999/xhtml"><head><title>TestNG Report</title><style type="text/css">table {margin-bottom:10px;border-collapse:collapse;empty-cells:show}th,td {border:1px solid #009;padding:.25em .5em}th {vertical-align:bottom}td {vertical-align:top}table a {font-weight:bold}.stripe td {background-color: #E6EBF9}.num {text-align:right}.passedodd td {background-color: #3F3}.passedeven td {background-color: #0A0}.skippedodd td {background-color: #DDD}.skippedeven td {background-color: #CCC}.failedodd td,.attn {background-color: #F33}.failedeven td,.stripe .attn {background-color: #D00}.stacktrace {white-space:pre;font-family:monospace}.totop {font-size:85%;text-align:center;border-bottom:2px solid #000}</style></head><body><table><tr><th>Test</th><th># Passed</th><th># Skipped</th><th># Failed</th><th>Time (ms)</th><th>Included Groups</th><th>Excluded Groups</th></tr><tr><th colspan="7">E-Signature - Test Suite 1</th></tr><tr><td><a href="#t0">Create a package using IBM Digital Contracts Demo v. 1 workflow  borrowe with Guarantor and relationship manager:: 01</a></td><td class="num">0</td><td class="num">0</td><td class="num attn">1</td><td class="num">59,205</td><td></td><td></td></tr></table><table><thead><tr><th>Class</th><th>Method</th><th>Start</th><th>Time (ms)</th></tr></thead><tbody><tr><th colspan="4">E-Signature - Test Suite 1</th></tr></tbody><tbody id="t0"><tr><th colspan="4">Create a package using IBM Digital Contracts Demo v. 1 workflow  borrowe with Guarantor and relationship manager:: 01 &#8212; failed</th></tr><tr class="failedeven"><td rowspan="1">com.index.GeneralIndex</td><td><a href="#m0">esign_createpackage_borrowerGuarantorRelashioshipmanager</a></td><td rowspan="1">1535446847571</td><td rowspan="1">37658</td></tr></tbody></table><h2>Create a package using IBM Digital Contracts Demo v. 1 workflow  borrowe with Guarantor and relationship manager:: 01</h2><h3 id="m0">com.index.GeneralIndex#esign_createpackage_borrowerGuarantorRelashioshipmanager</h3><table class="result"><tr><th>Messages</th></tr><tr><td><div class="messages">&lt;strong&gt; &lt;h3 style=&quot;color:DarkViolet&quot;&gt; To verify that user is able to login with valid credentials&lt;/h3&gt; &lt;/strong&gt;<br/>&lt;strong&gt; &lt;h3 style=&quot;color:DarkViolet&quot;&gt; --------------------------------------------------------------------------&lt;/h3&gt; &lt;/strong&gt;<br/>&lt;br&gt;&lt;strong&gt;Step 1. open : https://go-env-syd1.clickandsign.net:11443/dashboard/&lt;/strong&gt;&lt;/br&gt;<br/>&lt;/br&gt;---&gt;  Home page is open  &lt;---<br/>&lt;/br&gt;&lt;br&gt;&lt;Strong&gt;&lt;font color=#008000&gt;Pass&lt;/font&gt;&lt;/strong&gt;&lt;/br&gt;<br/>&lt;br&gt;&lt;strong&gt;Step 2. Enter Username&lt;/strong&gt;&lt;/br&gt;<br/>&lt;/br&gt;--&gt; Enter Username :service+sydtest@e-signsolutions.com&lt;---<br/>&lt;br&gt;&lt;strong&gt;Step 3. Enter Password&lt;/strong&gt;&lt;/br&gt;<br/>&lt;/br&gt;--&gt; Enter password :N!vattelapesca&lt;---<br/>&lt;br&gt;&lt;strong&gt;Step 4. Click on Login Button&lt;/strong&gt;&lt;/br&gt;<br/>&lt;/br&gt;--&gt; clicked on Login Button &lt;---<br/>&lt;/br&gt;Logged in successfully!!<br/>&lt;/br&gt;&lt;br&gt;&lt;Strong&gt;&lt;font color=#008000&gt;Pass&lt;/font&gt;&lt;/strong&gt;&lt;/br&gt;<br/>&lt;br&gt;&lt;strong&gt;Step 5. Select the Workflow&lt;/strong&gt;&lt;/br&gt;<br/>&lt;/br&gt;--&gt; Selected the work Flow:IBM Digital Contracts Demo v. 1 &lt;---<br/>&lt;br&gt;&lt;strong&gt;Step 6. Click on Create button&lt;/strong&gt;&lt;/br&gt;<br/>&lt;br&gt; &lt;b&gt;Please look to the screenshot - &lt;/b&gt;<br/>&lt;/br&gt;&lt;br&gt;&lt;Strong&gt;&lt;font color=#FF0000&gt;--Failed&lt;/font&gt;&lt;/strong&gt;<br/>&lt;/br&gt;&lt;a href=&apos;../test-output/screenshots/0828143125233esign_createpackage_borrowerGuarantorRelashioshipmanager.png&apos; target=&apos;_new&apos;&gt;0828143125233esign_createpackage_borrowerGuarantorRelashioshipmanager.png&lt;/a&gt;<br/>&lt;br&gt;&lt;/br&gt;&lt;h3&gt;Failure Reason:&lt;/h3&gt;<br/>&lt;br&gt;&lt;/br&gt;org.openqa.selenium.WebDriverException: unknown error: Element &amp;lt;button id=&amp;quot;create_package&amp;quot; class=&amp;quot;fa fa-upload&amp;quot; title=&amp;quot;create&amp;quot;&amp;gt;...&amp;lt;/button&amp;gt; is not clickable at point (38, 24). Other element would receive the click: &amp;lt;div class=&amp;quot;dt-button-background&amp;quot; style=&amp;quot;&amp;quot;&amp;gt;&amp;lt;/div&amp;gt;</div></td></tr><tr><th>Exception</th></tr><tr><td><div class="stacktrace">org.openqa.selenium.WebDriverException: unknown error: Element &lt;button id=&quot;create_package&quot; class=&quot;fa fa-upload&quot; title=&quot;create&quot;&gt;...&lt;/button&gt; is not clickable at point (38, 24). Other element would receive the click: &lt;div class=&quot;dt-button-background&quot; style=&quot;&quot;&gt;&lt;/div&gt;
  (Session info: chrome=68.0.3440.106)
  (Driver info: chromedriver=2.40.565498 (ea082db3280dd6843ebfb08a625e3eb905c4f5ab),platform=Windows NT 6.1.7601 SP1 x86_64) (WARNING: The server did not provide any stacktrace information)
Command duration or timeout: 0 milliseconds
Build info: version: &apos;3.13.0&apos;, revision: &apos;2f0d292&apos;, time: &apos;2018-06-25T15:24:21.231Z&apos;
System info: host: &apos;DELL-PC&apos;, ip: &apos;192.168.1.114&apos;, os.name: &apos;Windows 7&apos;, os.arch: &apos;amd64&apos;, os.version: &apos;6.1&apos;, java.version: &apos;1.8.0-ea&apos;
Driver info: org.openqa.selenium.chrome.ChromeDriver
Capabilities {acceptInsecureCerts: false, acceptSslCerts: false, applicationCacheEnabled: false, browserConnectionEnabled: false, browserName: chrome, chrome: {chromedriverVersion: 2.40.565498 (ea082db3280dd6..., userDataDir: C:\Users\DELL\AppData\Local...}, cssSelectorsEnabled: true, databaseEnabled: false, handlesAlerts: true, hasTouchScreen: false, javascriptEnabled: true, locationContextEnabled: true, mobileEmulationEnabled: false, nativeEvents: true, networkConnectionEnabled: false, pageLoadStrategy: normal, platform: XP, platformName: XP, rotatable: false, setWindowRect: true, takesHeapSnapshot: true, takesScreenshot: true, unexpectedAlertBehaviour: , unhandledPromptBehavior: , version: 68.0.3440.106, webStorageEnabled: true}
Session ID: c0d6a1d6b8bf0c5c5364dc180c771ce9
	at sun.reflect.NativeConstructorAccessorImpl.newInstance0(Native Method)
	at sun.reflect.NativeConstructorAccessorImpl.newInstance(NativeConstructorAccessorImpl.java:57)
	at sun.reflect.DelegatingConstructorAccessorImpl.newInstance(DelegatingConstructorAccessorImpl.java:45)
	at java.lang.reflect.Constructor.newInstance(Constructor.java:406)
	at org.openqa.selenium.remote.ErrorHandler.createThrowable(ErrorHandler.java:214)
	at org.openqa.selenium.remote.ErrorHandler.throwIfResponseFailed(ErrorHandler.java:166)
	at org.openqa.selenium.remote.http.JsonHttpResponseCodec.reconstructValue(JsonHttpResponseCodec.java:40)
	at org.openqa.selenium.remote.http.AbstractHttpResponseCodec.decode(AbstractHttpResponseCodec.java:80)
	at org.openqa.selenium.remote.http.AbstractHttpResponseCodec.decode(AbstractHttpResponseCodec.java:44)
	at org.openqa.selenium.remote.HttpCommandExecutor.execute(HttpCommandExecutor.java:158)
	at org.openqa.selenium.remote.service.DriverCommandExecutor.execute(DriverCommandExecutor.java:83)
	at org.openqa.selenium.remote.RemoteWebDriver.execute(RemoteWebDriver.java:548)
	at org.openqa.selenium.remote.RemoteWebElement.execute(RemoteWebElement.java:276)
	at org.openqa.selenium.remote.RemoteWebElement.click(RemoteWebElement.java:83)
	at sun.reflect.NativeMethodAccessorImpl.invoke0(Native Method)
	at sun.reflect.NativeMethodAccessorImpl.invoke(NativeMethodAccessorImpl.java:57)
	at sun.reflect.DelegatingMethodAccessorImpl.invoke(DelegatingMethodAccessorImpl.java:43)
	at java.lang.reflect.Method.invoke(Method.java:483)
	at org.openqa.selenium.support.pagefactory.internal.LocatingElementHandler.invoke(LocatingElementHandler.java:51)
	at com.sun.proxy.$Proxy10.click(Unknown Source)
	at com.indexpage.GeneralIndexpage.esign_clickoncreatebutton(GeneralIndexpage.java:1516)
	at com.index.GeneralIndex.esign_createpackage_borrowerGuarantorRelashioshipmanager(GeneralIndex.java:997)
	at sun.reflect.NativeMethodAccessorImpl.invoke0(Native Method)
	at sun.reflect.NativeMethodAccessorImpl.invoke(NativeMethodAccessorImpl.java:57)
	at sun.reflect.DelegatingMethodAccessorImpl.invoke(DelegatingMethodAccessorImpl.java:43)
	at java.lang.reflect.Method.invoke(Method.java:483)
	at org.testng.internal.MethodInvocationHelper.invokeMethod(MethodInvocationHelper.java:84)
	at org.testng.internal.Invoker.invokeMethod(Invoker.java:714)
	at org.testng.internal.Invoker.invokeTestMethod(Invoker.java:901)
	at org.testng.internal.Invoker.invokeTestMethods(Invoker.java:1231)
	at org.testng.internal.TestMethodWorker.invokeTestMethods(TestMethodWorker.java:127)
	at org.testng.internal.TestMethodWorker.run(TestMethodWorker.java:111)
	at org.testng.TestRunner.privateRun(TestRunner.java:767)
	at org.testng.TestRunner.run(TestRunner.java:617)
	at org.testng.SuiteRunner.runTest(SuiteRunner.java:348)
	at org.testng.SuiteRunner.access$000(SuiteRunner.java:38)
	at org.testng.SuiteRunner$SuiteWorker.run(SuiteRunner.java:382)
	at org.testng.internal.thread.ThreadUtil$2.call(ThreadUtil.java:64)
	at java.util.concurrent.FutureTask.run(FutureTask.java:266)
	at java.util.concurrent.ThreadPoolExecutor.runWorker(ThreadPoolExecutor.java:1142)
	at java.util.concurrent.ThreadPoolExecutor$Worker.run(ThreadPoolExecutor.java:617)
	at java.lang.Thread.run(Thread.java:744)
</div></td></tr></table><p class="totop"><a href="#summary">back to summary</a></p></body></html>