<?xml version="1.0" encoding="UTF-8"?>
<testng-results skipped="0" failed="1" total="1" passed="0">
  <reporter-output>
    <line>
      <![CDATA[<strong> <h3 style="color:DarkViolet"> To verify that user is able to login with valid credentials</h3> </strong>]]>
    </line>
    <line>
      <![CDATA[<strong> <h3 style="color:DarkViolet"> --------------------------------------------------------------------------</h3> </strong>]]>
    </line>
    <line>
      <![CDATA[<br><strong>Step 1. open : https://go-env-syd1.clickandsign.net:11443/dashboard/</strong></br>]]>
    </line>
    <line>
      <![CDATA[</br>--->  Home page is open  <---]]>
    </line>
    <line>
      <![CDATA[</br><br><Strong><font color=#008000>Pass</font></strong></br>]]>
    </line>
    <line>
      <![CDATA[<br><strong>Step 2. Enter Username</strong></br>]]>
    </line>
    <line>
      <![CDATA[</br>--> Enter Username :service+sydtest@e-signsolutions.com<---]]>
    </line>
    <line>
      <![CDATA[<br><strong>Step 3. Enter Password</strong></br>]]>
    </line>
    <line>
      <![CDATA[</br>--> Enter password :N!vattelapesca<---]]>
    </line>
    <line>
      <![CDATA[<br><strong>Step 4. Click on Login Button</strong></br>]]>
    </line>
    <line>
      <![CDATA[</br>--> clicked on Login Button <---]]>
    </line>
    <line>
      <![CDATA[</br>Logged in successfully!!]]>
    </line>
    <line>
      <![CDATA[</br><br><Strong><font color=#008000>Pass</font></strong></br>]]>
    </line>
    <line>
      <![CDATA[<br><strong>Step 5. Select the Workflow</strong></br>]]>
    </line>
    <line>
      <![CDATA[</br>--> Selected the work Flow:IBM Digital Contracts Demo v. 1 <---]]>
    </line>
    <line>
      <![CDATA[<br><strong>Step 6. Click on Create button</strong></br>]]>
    </line>
    <line>
      <![CDATA[<br> <b>Please look to the screenshot - </b>]]>
    </line>
    <line>
      <![CDATA[</br><br><Strong><font color=#FF0000>--Failed</font></strong>]]>
    </line>
    <line>
      <![CDATA[</br><a href='../test-output/screenshots/0828143125233esign_createpackage_borrowerGuarantorRelashioshipmanager.png' target='_new'>0828143125233esign_createpackage_borrowerGuarantorRelashioshipmanager.png</a>]]>
    </line>
    <line>
      <![CDATA[<br></br><h3>Failure Reason:</h3>]]>
    </line>
    <line>
      <![CDATA[<br></br>org.openqa.selenium.WebDriverException: unknown error: Element &lt;button id=&quot;create_package&quot; class=&quot;fa fa-upload&quot; title=&quot;create&quot;&gt;...&lt;/button&gt; is not clickable at point (38, 24). Other element would receive the click: &lt;div class=&quot;dt-button-background&quot; style=&quot;&quot;&gt;&lt;/div&gt;]]>
    </line>
  </reporter-output>
  <suite name="E-Signature - Test Suite 1" duration-ms="59205" started-at="2018-08-28T09:00:29Z" finished-at="2018-08-28T09:01:28Z">
    <groups>
    </groups>
    <test name="Create a package using IBM Digital Contracts Demo v. 1 workflow  borrowe with Guarantor and relationship manager:: 01" duration-ms="59205" started-at="2018-08-28T09:00:29Z" finished-at="2018-08-28T09:01:28Z">
      <class name="com.index.GeneralIndex">
        <test-method status="PASS" signature="fetchSuiteConfiguration(org.testng.ITestContext)[pri:0, instance:com.index.GeneralIndex@1794d431]" name="fetchSuiteConfiguration" is-config="true" duration-ms="8" started-at="2018-08-28T14:30:29Z" finished-at="2018-08-28T14:30:29Z">
          <params>
            <param index="0">
              <value>
                <![CDATA[org.testng.TestRunner@544fe44c]]>
              </value>
            </param>
          </params>
          <reporter-output>
          </reporter-output>
        </test-method> <!-- fetchSuiteConfiguration -->
        <test-method status="PASS" signature="setUp(java.lang.reflect.Method, org.testng.ITestContext)[pri:0, instance:com.index.GeneralIndex@1794d431]" name="setUp" is-config="true" duration-ms="18016" started-at="2018-08-28T14:30:29Z" finished-at="2018-08-28T14:30:47Z">
          <params>
            <param index="0">
              <value>
                <![CDATA[public void com.index.GeneralIndex.esign_createpackage_borrowerGuarantorRelashioshipmanager()]]>
              </value>
            </param>
            <param index="1">
              <value>
                <![CDATA[org.testng.TestRunner@544fe44c]]>
              </value>
            </param>
          </params>
          <reporter-output>
          </reporter-output>
        </test-method> <!-- setUp -->
        <test-method status="FAIL" signature="esign_createpackage_borrowerGuarantorRelashioshipmanager()[pri:0, instance:com.index.GeneralIndex@1794d431]" name="esign_createpackage_borrowerGuarantorRelashioshipmanager" duration-ms="37658" started-at="2018-08-28T14:30:47Z" finished-at="2018-08-28T14:31:25Z">
          <exception class="org.openqa.selenium.WebDriverException">
            <message>
              <![CDATA[unknown error: Element <button id="create_package" class="fa fa-upload" title="create">...</button> is not clickable at point (38, 24). Other element would receive the click: <div class="dt-button-background" style=""></div>
  (Session info: chrome=68.0.3440.106)
  (Driver info: chromedriver=2.40.565498 (ea082db3280dd6843ebfb08a625e3eb905c4f5ab),platform=Windows NT 6.1.7601 SP1 x86_64) (WARNING: The server did not provide any stacktrace information)
Command duration or timeout: 0 milliseconds
Build info: version: '3.13.0', revision: '2f0d292', time: '2018-06-25T15:24:21.231Z'
System info: host: 'DELL-PC', ip: '192.168.1.114', os.name: 'Windows 7', os.arch: 'amd64', os.version: '6.1', java.version: '1.8.0-ea'
Driver info: org.openqa.selenium.chrome.ChromeDriver
Capabilities {acceptInsecureCerts: false, acceptSslCerts: false, applicationCacheEnabled: false, browserConnectionEnabled: false, browserName: chrome, chrome: {chromedriverVersion: 2.40.565498 (ea082db3280dd6..., userDataDir: C:\Users\DELL\AppData\Local...}, cssSelectorsEnabled: true, databaseEnabled: false, handlesAlerts: true, hasTouchScreen: false, javascriptEnabled: true, locationContextEnabled: true, mobileEmulationEnabled: false, nativeEvents: true, networkConnectionEnabled: false, pageLoadStrategy: normal, platform: XP, platformName: XP, rotatable: false, setWindowRect: true, takesHeapSnapshot: true, takesScreenshot: true, unexpectedAlertBehaviour: , unhandledPromptBehavior: , version: 68.0.3440.106, webStorageEnabled: true}
Session ID: c0d6a1d6b8bf0c5c5364dc180c771ce9]]>
            </message>
            <full-stacktrace>
              <![CDATA[org.openqa.selenium.WebDriverException: unknown error: Element <button id="create_package" class="fa fa-upload" title="create">...</button> is not clickable at point (38, 24). Other element would receive the click: <div class="dt-button-background" style=""></div>
  (Session info: chrome=68.0.3440.106)
  (Driver info: chromedriver=2.40.565498 (ea082db3280dd6843ebfb08a625e3eb905c4f5ab),platform=Windows NT 6.1.7601 SP1 x86_64) (WARNING: The server did not provide any stacktrace information)
Command duration or timeout: 0 milliseconds
Build info: version: '3.13.0', revision: '2f0d292', time: '2018-06-25T15:24:21.231Z'
System info: host: 'DELL-PC', ip: '192.168.1.114', os.name: 'Windows 7', os.arch: 'amd64', os.version: '6.1', java.version: '1.8.0-ea'
Driver info: org.openqa.selenium.chrome.ChromeDriver
Capabilities {acceptInsecureCerts: false, acceptSslCerts: false, applicationCacheEnabled: false, browserConnectionEnabled: false, browserName: chrome, chrome: {chromedriverVersion: 2.40.565498 (ea082db3280dd6..., userDataDir: C:\Users\DELL\AppData\Local...}, cssSelectorsEnabled: true, databaseEnabled: false, handlesAlerts: true, hasTouchScreen: false, javascriptEnabled: true, locationContextEnabled: true, mobileEmulationEnabled: false, nativeEvents: true, networkConnectionEnabled: false, pageLoadStrategy: normal, platform: XP, platformName: XP, rotatable: false, setWindowRect: true, takesHeapSnapshot: true, takesScreenshot: true, unexpectedAlertBehaviour: , unhandledPromptBehavior: , version: 68.0.3440.106, webStorageEnabled: true}
Session ID: c0d6a1d6b8bf0c5c5364dc180c771ce9
	at sun.reflect.NativeConstructorAccessorImpl.newInstance0(Native Method)
	at sun.reflect.NativeConstructorAccessorImpl.newInstance(NativeConstructorAccessorImpl.java:57)
	at sun.reflect.DelegatingConstructorAccessorImpl.newInstance(DelegatingConstructorAccessorImpl.java:45)
	at java.lang.reflect.Constructor.newInstance(Constructor.java:406)
	at org.openqa.selenium.remote.ErrorHandler.createThrowable(ErrorHandler.java:214)
	at org.openqa.selenium.remote.ErrorHandler.throwIfResponseFailed(ErrorHandler.java:166)
	at org.openqa.selenium.remote.http.JsonHttpResponseCodec.reconstructValue(JsonHttpResponseCodec.java:40)
	at org.openqa.selenium.remote.http.AbstractHttpResponseCodec.decode(AbstractHttpResponseCodec.java:80)
	at org.openqa.selenium.remote.http.AbstractHttpResponseCodec.decode(AbstractHttpResponseCodec.java:44)
	at org.openqa.selenium.remote.HttpCommandExecutor.execute(HttpCommandExecutor.java:158)
	at org.openqa.selenium.remote.service.DriverCommandExecutor.execute(DriverCommandExecutor.java:83)
	at org.openqa.selenium.remote.RemoteWebDriver.execute(RemoteWebDriver.java:548)
	at org.openqa.selenium.remote.RemoteWebElement.execute(RemoteWebElement.java:276)
	at org.openqa.selenium.remote.RemoteWebElement.click(RemoteWebElement.java:83)
	at sun.reflect.NativeMethodAccessorImpl.invoke0(Native Method)
	at sun.reflect.NativeMethodAccessorImpl.invoke(NativeMethodAccessorImpl.java:57)
	at sun.reflect.DelegatingMethodAccessorImpl.invoke(DelegatingMethodAccessorImpl.java:43)
	at java.lang.reflect.Method.invoke(Method.java:483)
	at org.openqa.selenium.support.pagefactory.internal.LocatingElementHandler.invoke(LocatingElementHandler.java:51)
	at com.sun.proxy.$Proxy10.click(Unknown Source)
	at com.indexpage.GeneralIndexpage.esign_clickoncreatebutton(GeneralIndexpage.java:1516)
	at com.index.GeneralIndex.esign_createpackage_borrowerGuarantorRelashioshipmanager(GeneralIndex.java:997)
	at sun.reflect.NativeMethodAccessorImpl.invoke0(Native Method)
	at sun.reflect.NativeMethodAccessorImpl.invoke(NativeMethodAccessorImpl.java:57)
	at sun.reflect.DelegatingMethodAccessorImpl.invoke(DelegatingMethodAccessorImpl.java:43)
	at java.lang.reflect.Method.invoke(Method.java:483)
	at org.testng.internal.MethodInvocationHelper.invokeMethod(MethodInvocationHelper.java:84)
	at org.testng.internal.Invoker.invokeMethod(Invoker.java:714)
	at org.testng.internal.Invoker.invokeTestMethod(Invoker.java:901)
	at org.testng.internal.Invoker.invokeTestMethods(Invoker.java:1231)
	at org.testng.internal.TestMethodWorker.invokeTestMethods(TestMethodWorker.java:127)
	at org.testng.internal.TestMethodWorker.run(TestMethodWorker.java:111)
	at org.testng.TestRunner.privateRun(TestRunner.java:767)
	at org.testng.TestRunner.run(TestRunner.java:617)
	at org.testng.SuiteRunner.runTest(SuiteRunner.java:348)
	at org.testng.SuiteRunner.access$000(SuiteRunner.java:38)
	at org.testng.SuiteRunner$SuiteWorker.run(SuiteRunner.java:382)
	at org.testng.internal.thread.ThreadUtil$2.call(ThreadUtil.java:64)
	at java.util.concurrent.FutureTask.run(FutureTask.java:266)
	at java.util.concurrent.ThreadPoolExecutor.runWorker(ThreadPoolExecutor.java:1142)
	at java.util.concurrent.ThreadPoolExecutor$Worker.run(ThreadPoolExecutor.java:617)
	at java.lang.Thread.run(Thread.java:744)
]]>
            </full-stacktrace>
          </exception> <!-- org.openqa.selenium.WebDriverException -->
          <reporter-output>
            <line>
              <![CDATA[<strong> <h3 style="color:DarkViolet"> To verify that user is able to login with valid credentials</h3> </strong>]]>
            </line>
            <line>
              <![CDATA[<strong> <h3 style="color:DarkViolet"> --------------------------------------------------------------------------</h3> </strong>]]>
            </line>
            <line>
              <![CDATA[<br><strong>Step 1. open : https://go-env-syd1.clickandsign.net:11443/dashboard/</strong></br>]]>
            </line>
            <line>
              <![CDATA[</br>--->  Home page is open  <---]]>
            </line>
            <line>
              <![CDATA[</br><br><Strong><font color=#008000>Pass</font></strong></br>]]>
            </line>
            <line>
              <![CDATA[<br><strong>Step 2. Enter Username</strong></br>]]>
            </line>
            <line>
              <![CDATA[</br>--> Enter Username :service+sydtest@e-signsolutions.com<---]]>
            </line>
            <line>
              <![CDATA[<br><strong>Step 3. Enter Password</strong></br>]]>
            </line>
            <line>
              <![CDATA[</br>--> Enter password :N!vattelapesca<---]]>
            </line>
            <line>
              <![CDATA[<br><strong>Step 4. Click on Login Button</strong></br>]]>
            </line>
            <line>
              <![CDATA[</br>--> clicked on Login Button <---]]>
            </line>
            <line>
              <![CDATA[</br>Logged in successfully!!]]>
            </line>
            <line>
              <![CDATA[</br><br><Strong><font color=#008000>Pass</font></strong></br>]]>
            </line>
            <line>
              <![CDATA[<br><strong>Step 5. Select the Workflow</strong></br>]]>
            </line>
            <line>
              <![CDATA[</br>--> Selected the work Flow:IBM Digital Contracts Demo v. 1 <---]]>
            </line>
            <line>
              <![CDATA[<br><strong>Step 6. Click on Create button</strong></br>]]>
            </line>
            <line>
              <![CDATA[<br> <b>Please look to the screenshot - </b>]]>
            </line>
            <line>
              <![CDATA[</br><br><Strong><font color=#FF0000>--Failed</font></strong>]]>
            </line>
            <line>
              <![CDATA[</br><a href='../test-output/screenshots/0828143125233esign_createpackage_borrowerGuarantorRelashioshipmanager.png' target='_new'>0828143125233esign_createpackage_borrowerGuarantorRelashioshipmanager.png</a>]]>
            </line>
            <line>
              <![CDATA[<br></br><h3>Failure Reason:</h3>]]>
            </line>
            <line>
              <![CDATA[<br></br>org.openqa.selenium.WebDriverException: unknown error: Element &lt;button id=&quot;create_package&quot; class=&quot;fa fa-upload&quot; title=&quot;create&quot;&gt;...&lt;/button&gt; is not clickable at point (38, 24). Other element would receive the click: &lt;div class=&quot;dt-button-background&quot; style=&quot;&quot;&gt;&lt;/div&gt;]]>
            </line>
          </reporter-output>
        </test-method> <!-- esign_createpackage_borrowerGuarantorRelashioshipmanager -->
        <test-method status="PASS" signature="tearDown(org.testng.ITestResult)[pri:0, instance:com.index.GeneralIndex@1794d431]" name="tearDown" is-config="true" duration-ms="3505" started-at="2018-08-28T14:31:25Z" finished-at="2018-08-28T14:31:28Z">
          <params>
            <param index="0">
              <value>
                <![CDATA[[TestResult name=esign_createpackage_borrowerGuarantorRelashioshipmanager status=FAILURE method=GeneralIndex.esign_createpackage_borrowerGuarantorRelashioshipmanager()[pri:0, instance:com.index.GeneralIndex@1794d431] output=<strong> <h3 style="color:DarkViolet"> To verify that user is able to login with valid credentials</h3> </strong>]]]>
              </value>
            </param>
          </params>
          <reporter-output>
          </reporter-output>
        </test-method> <!-- tearDown -->
      </class> <!-- com.index.GeneralIndex -->
    </test> <!-- Create a package using IBM Digital Contracts Demo v. 1 workflow  borrowe with Guarantor and relationship manager:: 01 -->
  </suite> <!-- E-Signature - Test Suite 1 -->
</testng-results>
